# JRE version: Java(TM) SE Runtime Environment (8.0_251-b08) (build 1.8.0_251-b08)
# Java VM: Java HotSpot(TM) 64-Bit Server VM (25.251-b08 mixed mode bsd-amd64 compressed oops)
Heap:
 PSYoungGen      total 141312K, used 42976K [0x00000007e5d80000, 0x00000007f0800000, 0x00000007f0800000)
  eden space 109056K, 18% used [0x00000007e5d80000,0x00000007e71107a8,0x00000007ec800000)
  from space 32256K, 71% used [0x00000007ec800000,0x00000007ede67be8,0x00000007ee780000)
  to   space 32768K, 0% used [0x00000007ee800000,0x00000007ee800000,0x00000007f0800000)
 ParOldGen       total 175104K, used 105939K [0x00000007d0800000, 0x00000007db300000, 0x00000007e5d80000)
  object space 175104K, 60% used [0x00000007d0800000,0x00000007d6f74fb8,0x00000007db300000)
 Metaspace       used 79838K, capacity 84237K, committed 84568K, reserved 1122304K
  class space    used 10450K, capacity 11274K, committed 11392K, reserved 1048576K
GC Heap History (10 events):
Event: 1112.070 GC heap before
{Heap before GC invocations=40 (full 3):
 PSYoungGen      total 142336K, used 120628K [0x00000007e5d80000, 0x00000007f0780000, 0x00000007f0800000)
  eden space 110080K, 100% used [0x00000007e5d80000,0x00000007ec900000,0x00000007ec900000)
  from space 32256K, 32% used [0x00000007ee800000,0x00000007ef24d178,0x00000007f0780000)
  to   space 31744K, 0% used [0x00000007ec900000,0x00000007ec900000,0x00000007ee800000)
 ParOldGen       total 175104K, used 103706K [0x00000007d0800000, 0x00000007db300000, 0x00000007e5d80000)
  object space 175104K, 59% used [0x00000007d0800000,0x00000007d6d46a68,0x00000007db300000)
 Metaspace       used 75784K, capacity 79807K, committed 79832K, reserved 1118208K
  class space    used 9981K, capacity 10747K, committed 10752K, reserved 1048576K
Event: 1112.092 GC heap after
Heap after GC invocations=40 (full 3):
 PSYoungGen      total 135168K, used 24709K [0x00000007e5d80000, 0x00000007f0800000, 0x00000007f0800000)
  eden space 110080K, 0% used [0x00000007e5d80000,0x00000007e5d80000,0x00000007ec900000)
  from space 25088K, 98% used [0x00000007ec900000,0x00000007ee121508,0x00000007ee180000)
  to   space 33280K, 0% used [0x00000007ee780000,0x00000007ee780000,0x00000007f0800000)
 ParOldGen       total 175104K, used 103714K [0x00000007d0800000, 0x00000007db300000, 0x00000007e5d80000)
  object space 175104K, 59% used [0x00000007d0800000,0x00000007d6d48a68,0x00000007db300000)
 Metaspace       used 75784K, capacity 79807K, committed 79832K, reserved 1118208K
  class space    used 9981K, capacity 10747K, committed 10752K, reserved 1048576K
}
Event: 1141.703 GC heap before
{Heap before GC invocations=41 (full 3):
 PSYoungGen      total 135168K, used 134789K [0x00000007e5d80000, 0x00000007f0800000, 0x00000007f0800000)
  eden space 110080K, 100% used [0x00000007e5d80000,0x00000007ec900000,0x00000007ec900000)
  from space 25088K, 98% used [0x00000007ec900000,0x00000007ee121508,0x00000007ee180000)
  to   space 33280K, 0% used [0x00000007ee780000,0x00000007ee780000,0x00000007f0800000)
 ParOldGen       total 175104K, used 103714K [0x00000007d0800000, 0x00000007db300000, 0x00000007e5d80000)
  object space 175104K, 59% used [0x00000007d0800000,0x00000007d6d48a68,0x00000007db300000)
 Metaspace       used 79342K, capacity 83415K, committed 83672K, reserved 1122304K
  class space    used 10421K, capacity 11225K, committed 11264K, reserved 1048576K
Event: 1141.725 GC heap after
Heap after GC invocations=41 (full 3):
 PSYoungGen      total 141824K, used 20050K [0x00000007e5d80000, 0x00000007f0800000, 0x00000007f0800000)
  eden space 108544K, 0% used [0x00000007e5d80000,0x00000007e5d80000,0x00000007ec780000)
  from space 33280K, 60% used [0x00000007ee780000,0x00000007efb14a88,0x00000007f0800000)
  to   space 32768K, 0% used [0x00000007ec780000,0x00000007ec780000,0x00000007ee780000)
 ParOldGen       total 175104K, used 105429K [0x00000007d0800000, 0x00000007db300000, 0x00000007e5d80000)
  object space 175104K, 60% used [0x00000007d0800000,0x00000007d6ef5610,0x00000007db300000)
 Metaspace       used 79342K, capacity 83415K, committed 83672K, reserved 1122304K
  class space    used 10421K, capacity 11225K, committed 11264K, reserved 1048576K
}
Event: 1142.171 GC heap before
{Heap before GC invocations=42 (full 3):
 PSYoungGen      total 141824K, used 128587K [0x00000007e5d80000, 0x00000007f0800000, 0x00000007f0800000)
  eden space 108544K, 99% used [0x00000007e5d80000,0x00000007ec77e368,0x00000007ec780000)
  from space 33280K, 60% used [0x00000007ee780000,0x00000007efb14a88,0x00000007f0800000)
  to   space 32768K, 0% used [0x00000007ec780000,0x00000007ec780000,0x00000007ee780000)
 ParOldGen       total 175104K, used 105429K [0x00000007d0800000, 0x00000007db300000, 0x00000007e5d80000)
  object space 175104K, 60% used [0x00000007d0800000,0x00000007d6ef5610,0x00000007db300000)
 Metaspace       used 79410K, capacity 83543K, committed 83672K, reserved 1122304K
  class space    used 10421K, capacity 11225K, committed 11264K, reserved 1048576K
Event: 1142.189 GC heap after
Heap after GC invocations=42 (full 3):
 PSYoungGen      total 141312K, used 22188K [0x00000007e5d80000, 0x00000007f0780000, 0x00000007f0800000)
  eden space 108544K, 0% used [0x00000007e5d80000,0x00000007e5d80000,0x00000007ec780000)
  from space 32768K, 67% used [0x00000007ec780000,0x00000007edd2b180,0x00000007ee780000)
  to   space 32768K, 0% used [0x00000007ee780000,0x00000007ee780000,0x00000007f0780000)
 ParOldGen       total 175104K, used 105437K [0x00000007d0800000, 0x00000007db300000, 0x00000007e5d80000)
  object space 175104K, 60% used [0x00000007d0800000,0x00000007d6ef7610,0x00000007db300000)
 Metaspace       used 79410K, capacity 83543K, committed 83672K, reserved 1122304K
  class space    used 10421K, capacity 11225K, committed 11264K, reserved 1048576K
}
Event: 1227.986 GC heap before
{Heap before GC invocations=43 (full 3):
 PSYoungGen      total 141312K, used 130732K [0x00000007e5d80000, 0x00000007f0780000, 0x00000007f0800000)
  eden space 108544K, 100% used [0x00000007e5d80000,0x00000007ec780000,0x00000007ec780000)
  from space 32768K, 67% used [0x00000007ec780000,0x00000007edd2b180,0x00000007ee780000)
  to   space 32768K, 0% used [0x00000007ee780000,0x00000007ee780000,0x00000007f0780000)
 ParOldGen       total 175104K, used 105437K [0x00000007d0800000, 0x00000007db300000, 0x00000007e5d80000)
  object space 175104K, 60% used [0x00000007d0800000,0x00000007d6ef7610,0x00000007db300000)
 Metaspace       used 79624K, capacity 83859K, committed 83928K, reserved 1122304K
  class space    used 10439K, capacity 11255K, committed 11264K, reserved 1048576K
Event: 1228.021 GC heap after
Heap after GC invocations=43 (full 3):
 PSYoungGen      total 141312K, used 20050K [0x00000007e5d80000, 0x00000007f0700000, 0x00000007f0800000)
  eden space 109056K, 0% used [0x00000007e5d80000,0x00000007e5d80000,0x00000007ec800000)
  from space 32256K, 62% used [0x00000007ee780000,0x00000007efb14a20,0x00000007f0700000)
  to   space 32256K, 0% used [0x00000007ec800000,0x00000007ec800000,0x00000007ee780000)
 ParOldGen       total 175104K, used 105939K [0x00000007d0800000, 0x00000007db300000, 0x00000007e5d80000)
  object space 175104K, 60% used [0x00000007d0800000,0x00000007d6f74fb8,0x00000007db300000)
 Metaspace       used 79624K, capacity 83859K, committed 83928K, reserved 1122304K
  class space    used 10439K, capacity 11255K, committed 11264K, reserved 1048576K
}
Event: 1229.061 GC heap before
{Heap before GC invocations=44 (full 3):
 PSYoungGen      total 141312K, used 129058K [0x00000007e5d80000, 0x00000007f0700000, 0x00000007f0800000)
  eden space 109056K, 99% used [0x00000007e5d80000,0x00000007ec7f3f28,0x00000007ec800000)
  from space 32256K, 62% used [0x00000007ee780000,0x00000007efb14a20,0x00000007f0700000)
  to   space 32256K, 0% used [0x00000007ec800000,0x00000007ec800000,0x00000007ee780000)
 ParOldGen       total 175104K, used 105939K [0x00000007d0800000, 0x00000007db300000, 0x00000007e5d80000)
  object space 175104K, 60% used [0x00000007d0800000,0x00000007d6f74fb8,0x00000007db300000)
 Metaspace       used 79804K, capacity 84109K, committed 84312K, reserved 1122304K
  class space    used 10450K, capacity 11274K, committed 11392K, reserved 1048576K
Event: 1229.080 GC heap after
Heap after GC invocations=44 (full 3):
 PSYoungGen      total 141312K, used 22942K [0x00000007e5d80000, 0x00000007f0800000, 0x00000007f0800000)
  eden space 109056K, 0% used [0x00000007e5d80000,0x00000007e5d80000,0x00000007ec800000)
  from space 32256K, 71% used [0x00000007ec800000,0x00000007ede67be8,0x00000007ee780000)
  to   space 32768K, 0% used [0x00000007ee800000,0x00000007ee800000,0x00000007f0800000)
 ParOldGen       total 175104K, used 105939K [0x00000007d0800000, 0x00000007db300000, 0x00000007e5d80000)
  object space 175104K, 60% used [0x00000007d0800000,0x00000007d6f74fb8,0x00000007db300000)
 Metaspace       used 79804K, capacity 84109K, committed 84312K, reserved 1122304K
  class space    used 10450K, capacity 11274K, committed 11392K, reserved 1048576K
}

